Using pre-set license
Built from '2021.1/staging' branch; Version is '2021.1.0b8 (4a0a5fc962a9) revision 4852319'; Using compiler version '192528614'; Build Type 'Release'
OS: 'Windows 10 Pro; OS build 19042.867; Version 2009; 64bit' Language: 'es' Physical Memory: 7984 MB
BatchMode: 1, IsHumanControllingUs: 0, StartBugReporterOnCrash: 0, Is64bit: 1, IsPro: 0

 COMMAND LINE ARGUMENTS:
C:\Program Files\Unity\Hub\Editor\2021.1.0b8\Editor\Unity.exe
-adb2
-batchMode
-noUpm
-name
AssetImportWorker0
-projectPath
C:/Users/Sebastian/Documents/UnityProjects/NGIOF
-logFile
Logs/AssetImportWorker0.log
-srvPort
54654
Successfully changed project path to: C:/Users/Sebastian/Documents/UnityProjects/NGIOF
C:/Users/Sebastian/Documents/UnityProjects/NGIOF
Using Asset Import Pipeline V2.
Refreshing native plugins compatible for Editor in 140.30 ms, found 2 plugins.
Preloading 0 native plugins for Editor in 0.00 ms.
Initialize engine version: 2021.1.0b8 (4a0a5fc962a9)
[Subsystems] Discovering subsystems at path C:/Program Files/Unity/Hub/Editor/2021.1.0b8/Editor/Data/Resources/UnitySubsystems
[Subsystems] Discovering subsystems at path C:/Users/Sebastian/Documents/UnityProjects/NGIOF/Assets
GfxDevice: creating device client; threaded=0; jobified=0
Direct3D:
    Version:  Direct3D 11.0 [level 11.1]
    Renderer: Intel(R) HD Graphics 620 (ID=0x5916)
    Vendor:   Intel
    VRAM:     3992 MB
    Driver:   23.20.16.4973
Initialize mono
Mono path[0] = 'C:/Program Files/Unity/Hub/Editor/2021.1.0b8/Editor/Data/Managed'
Mono path[1] = 'C:/Program Files/Unity/Hub/Editor/2021.1.0b8/Editor/Data/MonoBleedingEdge/lib/mono/unityjit'
Mono config path = 'C:/Program Files/Unity/Hub/Editor/2021.1.0b8/Editor/Data/MonoBleedingEdge/etc'
Using monoOptions --debugger-agent=transport=dt_socket,embedding=1,server=y,suspend=n,address=127.0.0.1:56136
Begin MonoManager ReloadAssembly
Registering precompiled unity dll's ...
Register platform support module: C:/Program Files/Unity/Hub/Editor/2021.1.0b8/Editor/Data/PlaybackEngines/WebGLSupport/UnityEditor.WebGL.Extensions.dll
Register platform support module: C:/Program Files/Unity/Hub/Editor/2021.1.0b8/Editor/Data/PlaybackEngines/WindowsStandaloneSupport/UnityEditor.WindowsStandalone.Extensions.dll
Registered in 0.003328 seconds.
Native extension for WindowsStandalone target not found
Native extension for WebGL target not found
Refreshing native plugins compatible for Editor in 136.68 ms, found 2 plugins.
Preloading 0 native plugins for Editor in 0.00 ms.
Mono: successfully reloaded assembly
- Completed reload, in  3.232 seconds
Platform modules already initialized, skipping
Registering precompiled user dll's ...
Registered in 0.004949 seconds.
Begin MonoManager ReloadAssembly
Native extension for WindowsStandalone target not found
Native extension for WebGL target not found
Refreshing native plugins compatible for Editor in 140.77 ms, found 2 plugins.
Preloading 0 native plugins for Editor in 0.00 ms.
Mono: successfully reloaded assembly
- Completed reload, in  1.680 seconds
Platform modules already initialized, skipping
========================================================================
Worker process is ready to serve import requests
Launched and connected shader compiler UnityShaderCompiler.exe after 0.08 seconds
Refreshing native plugins compatible for Editor in 0.90 ms, found 2 plugins.
Preloading 0 native plugins for Editor in 0.00 ms.
Unloading 4261 Unused Serialized files (Serialized files now loaded: 0)
System memory in use before: 157.9 MB.
System memory in use after: 158.1 MB.

Unloading 28 unused Assets to reduce memory usage. Loaded Objects now: 4720.
Total: 4.300400 ms (FindLiveObjects: 0.795000 ms CreateObjectMapping: 0.346800 ms MarkObjects: 3.076300 ms  DeleteObjects: 0.078100 ms)

========================================================================
Received Import Request.
  path: Assets/AddressableAssetsData
  artifactKey: Guid(345707fdee97e5549917ec8b7b87982b) Importer(815301076,1909f56bfc062723c751e8b465ee728b)
Start importing Assets/AddressableAssetsData using Guid(345707fdee97e5549917ec8b7b87982b) Importer(815301076,1909f56bfc062723c751e8b465ee728b)  -> (artifact id: 'e9c3edb6e0c81add7f87e7a32153362c') in 0.022601 seconds 
========================================================================
Received Import Request.
  Time since last request: 0.027953 seconds.
  path: Assets/AddressableAssetsData/AddressableAssetSettings.asset
  artifactKey: Guid(a1dee0ee57f8ca9428443118b358a1b2) Importer(815301076,1909f56bfc062723c751e8b465ee728b)
Start importing Assets/AddressableAssetsData/AddressableAssetSettings.asset using Guid(a1dee0ee57f8ca9428443118b358a1b2) Importer(815301076,1909f56bfc062723c751e8b465ee728b)  -> (artifact id: '3617b86f2746cd9961b808c43987a05d') in 0.072701 seconds 
========================================================================
Received Import Request.
  Time since last request: 0.000297 seconds.
  path: Assets/AddressableAssetsData/DefaultObject.asset
  artifactKey: Guid(eb3af03497769cb42ac017e0e1cd702c) Importer(815301076,1909f56bfc062723c751e8b465ee728b)
Start importing Assets/AddressableAssetsData/DefaultObject.asset using Guid(eb3af03497769cb42ac017e0e1cd702c) Importer(815301076,1909f56bfc062723c751e8b465ee728b)  -> (artifact id: '62c7cac5742887a5f3fa949f5cfed790') in 0.031645 seconds 
========================================================================
Received Import Request.
  Time since last request: 1.339635 seconds.
  path: Assets/Animations
  artifactKey: Guid(1ec71e2bec1dc9043aafb9691b69af59) Importer(815301076,1909f56bfc062723c751e8b465ee728b)
Start importing Assets/Animations using Guid(1ec71e2bec1dc9043aafb9691b69af59) Importer(815301076,1909f56bfc062723c751e8b465ee728b)  -> (artifact id: '6eb12fa92249b239ea79ca302fcfb485') in 0.014614 seconds 
========================================================================
Received Import Request.
  Time since last request: 0.763449 seconds.
  path: Assets/Animations/Player 1
  artifactKey: Guid(11b0af4a69554f644a8152bdf4adf3f6) Importer(815301076,1909f56bfc062723c751e8b465ee728b)
Start importing Assets/Animations/Player 1 using Guid(11b0af4a69554f644a8152bdf4adf3f6) Importer(815301076,1909f56bfc062723c751e8b465ee728b)  -> (artifact id: '8d19c880a04efe80c656f6c468cf0d55') in 0.016003 seconds 
========================================================================
Received Import Request.
  Time since last request: 2.232993 seconds.
  path: Assets/Animations/Player 1/Jumping.anim
  artifactKey: Guid(c7c9700e3e4ef2b44939cbe42b66c89d) Importer(815301076,1909f56bfc062723c751e8b465ee728b)
Start importing Assets/Animations/Player 1/Jumping.anim using Guid(c7c9700e3e4ef2b44939cbe42b66c89d) Importer(815301076,1909f56bfc062723c751e8b465ee728b)  -> (artifact id: '96998f52ecace763e0e8a6d9241326ee') in 0.019025 seconds 
========================================================================
Received Import Request.
  Time since last request: 2.409719 seconds.
  path: Assets/Animations/Player 1/Body parts
  artifactKey: Guid(211aa0cc0494fdf458320d66ca9cc435) Importer(815301076,1909f56bfc062723c751e8b465ee728b)
Start importing Assets/Animations/Player 1/Body parts using Guid(211aa0cc0494fdf458320d66ca9cc435) Importer(815301076,1909f56bfc062723c751e8b465ee728b)  -> (artifact id: '2b97b4de233798bf10b193638a56c562') in 0.018345 seconds 
========================================================================
Received Import Request.
  Time since last request: 1.417541 seconds.
  path: Assets/Animations/Player 1/Body parts/Back arm walking.anim
  artifactKey: Guid(87370eff8beed584eb3f1317e0342cbe) Importer(815301076,1909f56bfc062723c751e8b465ee728b)
Start importing Assets/Animations/Player 1/Body parts/Back arm walking.anim using Guid(87370eff8beed584eb3f1317e0342cbe) Importer(815301076,1909f56bfc062723c751e8b465ee728b)  -> (artifact id: '7f2d6a146eef3452cd6e0f5cc6120edf') in 0.023010 seconds 
========================================================================
Received Import Request.
  Time since last request: 1.204857 seconds.
  path: Assets/Animations/Player 1/Body parts/Back arm jumping.anim
  artifactKey: Guid(866cacc8e5be6884aa714a6c9bfc621e) Importer(815301076,1909f56bfc062723c751e8b465ee728b)
Start importing Assets/Animations/Player 1/Body parts/Back arm jumping.anim using Guid(866cacc8e5be6884aa714a6c9bfc621e) Importer(815301076,1909f56bfc062723c751e8b465ee728b)  -> (artifact id: '971c89cc3427a7fb79eaaf39ec633813') in 0.037657 seconds 
========================================================================
Received Import Request.
  Time since last request: 1.884754 seconds.
  path: Assets/Animations/Player 1/Body parts/Arm behind top.controller
  artifactKey: Guid(202bccc364b952b4f92620a337cd014f) Importer(815301076,1909f56bfc062723c751e8b465ee728b)
Start importing Assets/Animations/Player 1/Body parts/Arm behind top.controller using Guid(202bccc364b952b4f92620a337cd014f) Importer(815301076,1909f56bfc062723c751e8b465ee728b)  -> (artifact id: 'cf656bb261ef9383ba1ef232587de9e8') in 0.027804 seconds 
========================================================================
Received Import Request.
  Time since last request: 0.560481 seconds.
  path: Assets/Animations/Player 1/Body parts/Back arm idle.anim
  artifactKey: Guid(ce7e5afd96225d842bfe3dcf0a8bd3e9) Importer(815301076,1909f56bfc062723c751e8b465ee728b)
Start importing Assets/Animations/Player 1/Body parts/Back arm idle.anim using Guid(ce7e5afd96225d842bfe3dcf0a8bd3e9) Importer(815301076,1909f56bfc062723c751e8b465ee728b)  -> (artifact id: 'b69391675ffa98004fa5fb979be99308') in 0.020128 seconds 
========================================================================
Received Import Request.
  Time since last request: 132.114269 seconds.
  path: Assets/Prefabs/Characters/Eban.prefab
  artifactKey: Guid(317d83da1196e2940b7f637b5ab38292) Importer(815301076,1909f56bfc062723c751e8b465ee728b)
Start importing Assets/Prefabs/Characters/Eban.prefab using Guid(317d83da1196e2940b7f637b5ab38292) Importer(815301076,1909f56bfc062723c751e8b465ee728b)  -> (artifact id: 'b728cd469aab26e38cb042931c97b720') in 0.166565 seconds 
========================================================================
Received Import Request.
  Time since last request: 0.000457 seconds.
  path: Assets/Prefabs/Characters/Peterson.prefab
  artifactKey: Guid(db929a2c90d50024aaa69fd4da518b56) Importer(815301076,1909f56bfc062723c751e8b465ee728b)
Start importing Assets/Prefabs/Characters/Peterson.prefab using Guid(db929a2c90d50024aaa69fd4da518b56) Importer(815301076,1909f56bfc062723c751e8b465ee728b)  -> (artifact id: '22baa10195940b2be31f44a7f4683cfe') in 0.088785 seconds 
========================================================================
Received Import Request.
  Time since last request: 5.799862 seconds.
  path: Assets/Prefabs/Characters/Peterson 1.prefab
  artifactKey: Guid(6c985d93c0d5f564a920b48dbc1d9583) Importer(815301076,1909f56bfc062723c751e8b465ee728b)
Start importing Assets/Prefabs/Characters/Peterson 1.prefab using Guid(6c985d93c0d5f564a920b48dbc1d9583) Importer(815301076,1909f56bfc062723c751e8b465ee728b)  -> (artifact id: 'e9ab1c2fb032255d5657b05d6ae280b3') in 0.042395 seconds 
========================================================================
Received Import Request.
  Time since last request: 13.468984 seconds.
  path: Assets/Code/Player
  artifactKey: Guid(5270f37a5ee957f409e02b9c5fd22ff2) Importer(815301076,1909f56bfc062723c751e8b465ee728b)
Start importing Assets/Code/Player using Guid(5270f37a5ee957f409e02b9c5fd22ff2) Importer(815301076,1909f56bfc062723c751e8b465ee728b)  -> (artifact id: '18608fb77d9b95327115c7d9da913fe1') in 0.017091 seconds 
========================================================================
Received Import Request.
  Time since last request: 1.004809 seconds.
  path: Assets/Code/Player/GroundChecker.cs
  artifactKey: Guid(1b35ad02b0db539409ae721b241636f4) Importer(815301076,1909f56bfc062723c751e8b465ee728b)
Start importing Assets/Code/Player/GroundChecker.cs using Guid(1b35ad02b0db539409ae721b241636f4) Importer(815301076,1909f56bfc062723c751e8b465ee728b)  -> (artifact id: '99ad36755842613f09fd8747e98567dc') in 0.029639 seconds 
========================================================================
Received Prepare
Registering precompiled user dll's ...
Registered in 0.005114 seconds.
Begin MonoManager ReloadAssembly
Native extension for WindowsStandalone target not found
Native extension for WebGL target not found
Refreshing native plugins compatible for Editor in 1.39 ms, found 2 plugins.
Preloading 0 native plugins for Editor in 0.00 ms.
Mono: successfully reloaded assembly
- Completed reload, in  2.243 seconds
Platform modules already initialized, skipping
Refreshing native plugins compatible for Editor in 0.84 ms, found 2 plugins.
Preloading 0 native plugins for Editor in 0.00 ms.
Unloading 4237 Unused Serialized files (Serialized files now loaded: 0)
System memory in use before: 161.5 MB.
System memory in use after: 161.8 MB.

Unloading 16 unused Assets to reduce memory usage. Loaded Objects now: 4731.
Total: 4.471800 ms (FindLiveObjects: 0.582800 ms CreateObjectMapping: 0.448500 ms MarkObjects: 3.404800 ms  DeleteObjects: 0.033600 ms)

========================================================================
Received Import Request.
  Time since last request: 27.890766 seconds.
  path: Assets/Code/Player/Leg.cs
  artifactKey: Guid(f327abf6bb5d89d448245d9cf2197c30) Importer(815301076,1909f56bfc062723c751e8b465ee728b)
Start importing Assets/Code/Player/Leg.cs using Guid(f327abf6bb5d89d448245d9cf2197c30) Importer(815301076,1909f56bfc062723c751e8b465ee728b)  -> (artifact id: '3fb4aefb690b4b6d62b5580762c696ba') in 0.023048 seconds 
========================================================================
Received Prepare
Registering precompiled user dll's ...
Registered in 0.005354 seconds.
Begin MonoManager ReloadAssembly
Native extension for WindowsStandalone target not found
Native extension for WebGL target not found
Refreshing native plugins compatible for Editor in 0.89 ms, found 2 plugins.
Preloading 0 native plugins for Editor in 0.00 ms.
Mono: successfully reloaded assembly
- Completed reload, in  2.257 seconds
Platform modules already initialized, skipping
Refreshing native plugins compatible for Editor in 0.83 ms, found 2 plugins.
Preloading 0 native plugins for Editor in 0.00 ms.
Unloading 4234 Unused Serialized files (Serialized files now loaded: 0)
System memory in use before: 161.6 MB.
System memory in use after: 161.8 MB.

Unloading 15 unused Assets to reduce memory usage. Loaded Objects now: 4734.
Total: 4.820800 ms (FindLiveObjects: 1.075500 ms CreateObjectMapping: 0.504000 ms MarkObjects: 3.209900 ms  DeleteObjects: 0.029100 ms)

========================================================================
Received Prepare
Registering precompiled user dll's ...
Registered in 0.006040 seconds.
Begin MonoManager ReloadAssembly
Native extension for WindowsStandalone target not found
Native extension for WebGL target not found
Refreshing native plugins compatible for Editor in 1.60 ms, found 2 plugins.
Preloading 0 native plugins for Editor in 0.00 ms.
Mono: successfully reloaded assembly
- Completed reload, in  1.807 seconds
Platform modules already initialized, skipping
Refreshing native plugins compatible for Editor in 1.12 ms, found 2 plugins.
Preloading 0 native plugins for Editor in 0.00 ms.
Unloading 4234 Unused Serialized files (Serialized files now loaded: 0)
System memory in use before: 161.6 MB.
System memory in use after: 161.8 MB.

Unloading 14 unused Assets to reduce memory usage. Loaded Objects now: 4738.
Total: 4.377100 ms (FindLiveObjects: 0.437600 ms CreateObjectMapping: 0.394700 ms MarkObjects: 3.515900 ms  DeleteObjects: 0.026900 ms)

========================================================================
Received Prepare
Registering precompiled user dll's ...
Registered in 0.004812 seconds.
Begin MonoManager ReloadAssembly
Native extension for WindowsStandalone target not found
Native extension for WebGL target not found
Refreshing native plugins compatible for Editor in 0.91 ms, found 2 plugins.
Preloading 0 native plugins for Editor in 0.00 ms.
Mono: successfully reloaded assembly
- Completed reload, in  1.804 seconds
Platform modules already initialized, skipping
Refreshing native plugins compatible for Editor in 0.86 ms, found 2 plugins.
Preloading 0 native plugins for Editor in 0.00 ms.
Unloading 4234 Unused Serialized files (Serialized files now loaded: 0)
System memory in use before: 161.6 MB.
System memory in use after: 161.9 MB.

Unloading 14 unused Assets to reduce memory usage. Loaded Objects now: 4742.
Total: 4.111400 ms (FindLiveObjects: 0.373000 ms CreateObjectMapping: 0.289100 ms MarkObjects: 3.420600 ms  DeleteObjects: 0.026000 ms)

========================================================================
Received Prepare
Registering precompiled user dll's ...
Registered in 0.005070 seconds.
Begin MonoManager ReloadAssembly
Native extension for WindowsStandalone target not found
Native extension for WebGL target not found
Refreshing native plugins compatible for Editor in 1.43 ms, found 2 plugins.
Preloading 0 native plugins for Editor in 0.00 ms.
Mono: successfully reloaded assembly
- Completed reload, in  2.002 seconds
Platform modules already initialized, skipping
Refreshing native plugins compatible for Editor in 1.79 ms, found 2 plugins.
Preloading 0 native plugins for Editor in 0.00 ms.
Unloading 4234 Unused Serialized files (Serialized files now loaded: 0)
System memory in use before: 161.6 MB.
System memory in use after: 161.9 MB.

Unloading 14 unused Assets to reduce memory usage. Loaded Objects now: 4746.
Total: 6.488700 ms (FindLiveObjects: 1.148200 ms CreateObjectMapping: 0.525100 ms MarkObjects: 4.780000 ms  DeleteObjects: 0.032400 ms)

========================================================================
Received Prepare
Registering precompiled user dll's ...
Registered in 0.006691 seconds.
Begin MonoManager ReloadAssembly
Native extension for WindowsStandalone target not found
Native extension for WebGL target not found
Refreshing native plugins compatible for Editor in 0.87 ms, found 2 plugins.
Preloading 0 native plugins for Editor in 0.00 ms.
Mono: successfully reloaded assembly
- Completed reload, in  1.724 seconds
Platform modules already initialized, skipping
Refreshing native plugins compatible for Editor in 0.87 ms, found 2 plugins.
Preloading 0 native plugins for Editor in 0.00 ms.
Unloading 4234 Unused Serialized files (Serialized files now loaded: 0)
System memory in use before: 161.6 MB.
System memory in use after: 161.9 MB.

Unloading 14 unused Assets to reduce memory usage. Loaded Objects now: 4750.
Total: 3.845500 ms (FindLiveObjects: 0.450200 ms CreateObjectMapping: 0.373800 ms MarkObjects: 2.994500 ms  DeleteObjects: 0.025500 ms)

========================================================================
Received Prepare
Registering precompiled user dll's ...
Registered in 0.005056 seconds.
Begin MonoManager ReloadAssembly
Native extension for WindowsStandalone target not found
Native extension for WebGL target not found
Refreshing native plugins compatible for Editor in 1.41 ms, found 2 plugins.
Preloading 0 native plugins for Editor in 0.00 ms.
Mono: successfully reloaded assembly
- Completed reload, in  1.757 seconds
Platform modules already initialized, skipping
Refreshing native plugins compatible for Editor in 0.90 ms, found 2 plugins.
Preloading 0 native plugins for Editor in 0.00 ms.
Unloading 4234 Unused Serialized files (Serialized files now loaded: 0)
System memory in use before: 161.7 MB.
System memory in use after: 161.9 MB.

Unloading 14 unused Assets to reduce memory usage. Loaded Objects now: 4754.
Total: 4.370100 ms (FindLiveObjects: 0.734600 ms CreateObjectMapping: 0.466400 ms MarkObjects: 3.137600 ms  DeleteObjects: 0.029200 ms)

========================================================================
Received Import Request.
  Time since last request: 2212.639215 seconds.
  path: Assets/Sprites/Tree bushes.png
  artifactKey: Guid(5858befb24de8d2429180714767116c7) Importer(815301076,1909f56bfc062723c751e8b465ee728b)
Start importing Assets/Sprites/Tree bushes.png using Guid(5858befb24de8d2429180714767116c7) Importer(815301076,1909f56bfc062723c751e8b465ee728b)  -> (artifact id: 'ff86244ac7e5ea5d65e44ee9f4481f30') in 0.135027 seconds 
========================================================================
Received Import Request.
  Time since last request: 0.000342 seconds.
  path: Assets/Sprites/Trees.png
  artifactKey: Guid(b90687c2d9bf61746b020a01efa71fbf) Importer(815301076,1909f56bfc062723c751e8b465ee728b)
Start importing Assets/Sprites/Trees.png using Guid(b90687c2d9bf61746b020a01efa71fbf) Importer(815301076,1909f56bfc062723c751e8b465ee728b)  -> (artifact id: 'd91d4d43e3ca76d7d2475af6b2566917') in 0.067601 seconds 
========================================================================
Received Import Request.
  Time since last request: 7.534411 seconds.
  path: Assets/Sprites/Trees.png
  artifactKey: Guid(b90687c2d9bf61746b020a01efa71fbf) Importer(815301076,1909f56bfc062723c751e8b465ee728b)
Start importing Assets/Sprites/Trees.png using Guid(b90687c2d9bf61746b020a01efa71fbf) Importer(815301076,1909f56bfc062723c751e8b465ee728b)  -> (artifact id: '2e0b84b4cbaee2cd4e03e74279c43b6a') in 0.065962 seconds 
========================================================================
Received Import Request.
  Time since last request: 2.535605 seconds.
  path: Assets/Sprites/Trees.png
  artifactKey: Guid(b90687c2d9bf61746b020a01efa71fbf) Importer(815301076,1909f56bfc062723c751e8b465ee728b)
Start importing Assets/Sprites/Trees.png using Guid(b90687c2d9bf61746b020a01efa71fbf) Importer(815301076,1909f56bfc062723c751e8b465ee728b)  -> (artifact id: '5dbc1ae529265e0797badde2729be872') in 0.032762 seconds 
========================================================================
Received Import Request.
  Time since last request: 6.437545 seconds.
  path: Assets/Sprites/Trees.png
  artifactKey: Guid(b90687c2d9bf61746b020a01efa71fbf) Importer(815301076,1909f56bfc062723c751e8b465ee728b)
Start importing Assets/Sprites/Trees.png using Guid(b90687c2d9bf61746b020a01efa71fbf) Importer(815301076,1909f56bfc062723c751e8b465ee728b)  -> (artifact id: '088456791a04fe1b01a92ba5f848c33e') in 0.042152 seconds 
========================================================================
Received Import Request.
  Time since last request: 20.468592 seconds.
  path: Assets/Sprites/Trees.png
  artifactKey: Guid(b90687c2d9bf61746b020a01efa71fbf) Importer(815301076,1909f56bfc062723c751e8b465ee728b)
Start importing Assets/Sprites/Trees.png using Guid(b90687c2d9bf61746b020a01efa71fbf) Importer(815301076,1909f56bfc062723c751e8b465ee728b)  -> (artifact id: 'fc214090dad3cc7bc653309606882fa4') in 0.060421 seconds 
========================================================================
Received Prepare
Registering precompiled user dll's ...
Registered in 0.006482 seconds.
Begin MonoManager ReloadAssembly
Native extension for WindowsStandalone target not found
Native extension for WebGL target not found
Refreshing native plugins compatible for Editor in 0.88 ms, found 2 plugins.
Preloading 0 native plugins for Editor in 0.00 ms.
Mono: successfully reloaded assembly
- Completed reload, in  1.493 seconds
Platform modules already initialized, skipping
Refreshing native plugins compatible for Editor in 0.89 ms, found 2 plugins.
Preloading 0 native plugins for Editor in 0.00 ms.
Unloading 4236 Unused Serialized files (Serialized files now loaded: 0)
System memory in use before: 164.5 MB.
System memory in use after: 164.8 MB.

Unloading 14 unused Assets to reduce memory usage. Loaded Objects now: 4853.
Total: 4.416600 ms (FindLiveObjects: 0.732800 ms CreateObjectMapping: 0.342900 ms MarkObjects: 3.303400 ms  DeleteObjects: 0.035100 ms)

========================================================================
Received Prepare
Registering precompiled user dll's ...
Registered in 0.007159 seconds.
Begin MonoManager ReloadAssembly
Native extension for WindowsStandalone target not found
Native extension for WebGL target not found
Refreshing native plugins compatible for Editor in 1.78 ms, found 2 plugins.
Preloading 0 native plugins for Editor in 0.00 ms.
Mono: successfully reloaded assembly
- Completed reload, in  1.966 seconds
Platform modules already initialized, skipping
Refreshing native plugins compatible for Editor in 1.68 ms, found 2 plugins.
Preloading 0 native plugins for Editor in 0.00 ms.
Unloading 4234 Unused Serialized files (Serialized files now loaded: 0)
System memory in use before: 164.4 MB.
System memory in use after: 164.7 MB.

Unloading 14 unused Assets to reduce memory usage. Loaded Objects now: 4857.
Total: 9.445500 ms (FindLiveObjects: 1.474900 ms CreateObjectMapping: 0.726000 ms MarkObjects: 7.202700 ms  DeleteObjects: 0.039600 ms)

========================================================================
Received Import Request.
  Time since last request: 289.500565 seconds.
  path: Assets/Prefabs/Props
  artifactKey: Guid(f8ce9d7f477310840bd1b0fa43460958) Importer(815301076,1909f56bfc062723c751e8b465ee728b)
Start importing Assets/Prefabs/Props using Guid(f8ce9d7f477310840bd1b0fa43460958) Importer(815301076,1909f56bfc062723c751e8b465ee728b)  -> (artifact id: '7fd89f75a7b53385d5bb63857b065c22') in 0.044413 seconds 
========================================================================
Received Import Request.
  Time since last request: 4.407325 seconds.
  path: Assets/Prefabs/Props/Tree.prefab
  artifactKey: Guid(a2324f8346cb5ca4f917bd86ea6faada) Importer(815301076,1909f56bfc062723c751e8b465ee728b)
Start importing Assets/Prefabs/Props/Tree.prefab using Guid(a2324f8346cb5ca4f917bd86ea6faada) Importer(815301076,1909f56bfc062723c751e8b465ee728b)  -> (artifact id: 'ee089b9daca04620cecd83f8de4d52de') in 0.187835 seconds 
========================================================================
Received Import Request.
  Time since last request: 1.880488 seconds.
  path: Assets/Prefabs/Props/Tree 2.prefab
  artifactKey: Guid(ca383e7d0b0f46f4bb1a8cc78450f985) Importer(815301076,1909f56bfc062723c751e8b465ee728b)
Start importing Assets/Prefabs/Props/Tree 2.prefab using Guid(ca383e7d0b0f46f4bb1a8cc78450f985) Importer(815301076,1909f56bfc062723c751e8b465ee728b)  -> (artifact id: 'd203f2eccd16d770091dce9101e0d5db') in 0.049049 seconds 
========================================================================
Received Import Request.
  Time since last request: 1.455827 seconds.
  path: Assets/Prefabs/Props/Tree 3.prefab
  artifactKey: Guid(4fa4a557480d3ae459dbe989b7f8367b) Importer(815301076,1909f56bfc062723c751e8b465ee728b)
Start importing Assets/Prefabs/Props/Tree 3.prefab using Guid(4fa4a557480d3ae459dbe989b7f8367b) Importer(815301076,1909f56bfc062723c751e8b465ee728b)  -> (artifact id: '613a1784d3bc068b327641867e2937ee') in 0.053218 seconds 
========================================================================
Received Import Request.
  Time since last request: 15.042700 seconds.
  path: Assets/Sprites/Tree bushes.png
  artifactKey: Guid(5858befb24de8d2429180714767116c7) Importer(815301076,1909f56bfc062723c751e8b465ee728b)
Start importing Assets/Sprites/Tree bushes.png using Guid(5858befb24de8d2429180714767116c7) Importer(815301076,1909f56bfc062723c751e8b465ee728b)  -> (artifact id: '02a374860ef3eaa8468457c356a6169d') in 0.069734 seconds 
========================================================================
Received Import Request.
  Time since last request: 9.187538 seconds.
  path: Assets/Sprites/Tree bushes.png
  artifactKey: Guid(5858befb24de8d2429180714767116c7) Importer(815301076,1909f56bfc062723c751e8b465ee728b)
Start importing Assets/Sprites/Tree bushes.png using Guid(5858befb24de8d2429180714767116c7) Importer(815301076,1909f56bfc062723c751e8b465ee728b)  -> (artifact id: '42a017520cdb78f98606ac0be52615e6') in 0.121627 seconds 
========================================================================
Received Import Request.
  Time since last request: 245.739981 seconds.
  path: Assets/Sprites/Dirts.png
  artifactKey: Guid(d7392c2001c14a34ebbde71318ec45cf) Importer(815301076,1909f56bfc062723c751e8b465ee728b)
Start importing Assets/Sprites/Dirts.png using Guid(d7392c2001c14a34ebbde71318ec45cf) Importer(815301076,1909f56bfc062723c751e8b465ee728b)  -> (artifact id: 'bec800fdbf4f03198315bba3bc2f6df7') in 0.071987 seconds 
========================================================================
Received Import Request.
  Time since last request: 6.130262 seconds.
  path: Assets/Sprites/Dirts.png
  artifactKey: Guid(d7392c2001c14a34ebbde71318ec45cf) Importer(815301076,1909f56bfc062723c751e8b465ee728b)
Start importing Assets/Sprites/Dirts.png using Guid(d7392c2001c14a34ebbde71318ec45cf) Importer(815301076,1909f56bfc062723c751e8b465ee728b)  -> (artifact id: '25841ee354394a865a86eea1215c1e1f') in 0.058916 seconds 
========================================================================
Received Import Request.
  Time since last request: 5.317450 seconds.
  path: Assets/Sprites/Dirts.png
  artifactKey: Guid(d7392c2001c14a34ebbde71318ec45cf) Importer(815301076,1909f56bfc062723c751e8b465ee728b)
Start importing Assets/Sprites/Dirts.png using Guid(d7392c2001c14a34ebbde71318ec45cf) Importer(815301076,1909f56bfc062723c751e8b465ee728b)  -> (artifact id: '7ae569016d7993238f9219a5c7564c08') in 0.262714 seconds 
========================================================================
Received Import Request.
  Time since last request: 652.975713 seconds.
  path: Assets/Sprites/Dirts.png
  artifactKey: Guid(d7392c2001c14a34ebbde71318ec45cf) Importer(815301076,1909f56bfc062723c751e8b465ee728b)
Start importing Assets/Sprites/Dirts.png using Guid(d7392c2001c14a34ebbde71318ec45cf) Importer(815301076,1909f56bfc062723c751e8b465ee728b)  -> (artifact id: 'dde8de50213af6d8479845bd718c3e95') in 0.088998 seconds 
========================================================================
Received Import Request.
  Time since last request: 4.481405 seconds.
  path: Assets/Sprites/Dirts.png
  artifactKey: Guid(d7392c2001c14a34ebbde71318ec45cf) Importer(815301076,1909f56bfc062723c751e8b465ee728b)
Start importing Assets/Sprites/Dirts.png using Guid(d7392c2001c14a34ebbde71318ec45cf) Importer(815301076,1909f56bfc062723c751e8b465ee728b)  -> (artifact id: 'ae611e2dc0721af52d19d9808a774352') in 0.075680 seconds 
========================================================================
Received Import Request.
  Time since last request: 3.708066 seconds.
  path: Assets/Sprites/Dirts.png
  artifactKey: Guid(d7392c2001c14a34ebbde71318ec45cf) Importer(815301076,1909f56bfc062723c751e8b465ee728b)
Start importing Assets/Sprites/Dirts.png using Guid(d7392c2001c14a34ebbde71318ec45cf) Importer(815301076,1909f56bfc062723c751e8b465ee728b)  -> (artifact id: 'ed4a3afd3b98a19ac9614d1c3fe4075b') in 0.280869 seconds 
========================================================================
Received Import Request.
  Time since last request: 59.896891 seconds.
  path: Assets/Sprites/Dirts.png
  artifactKey: Guid(d7392c2001c14a34ebbde71318ec45cf) Importer(815301076,1909f56bfc062723c751e8b465ee728b)
Start importing Assets/Sprites/Dirts.png using Guid(d7392c2001c14a34ebbde71318ec45cf) Importer(815301076,1909f56bfc062723c751e8b465ee728b)  -> (artifact id: '24513e90672e7d8a2b2bc35c0e186c75') in 0.088241 seconds 
========================================================================
Received Import Request.
  Time since last request: 3.724266 seconds.
  path: Assets/Sprites/Dirts.png
  artifactKey: Guid(d7392c2001c14a34ebbde71318ec45cf) Importer(815301076,1909f56bfc062723c751e8b465ee728b)
Start importing Assets/Sprites/Dirts.png using Guid(d7392c2001c14a34ebbde71318ec45cf) Importer(815301076,1909f56bfc062723c751e8b465ee728b)  -> (artifact id: '10b4259e78d453c0d23af4b109d002cd') in 0.038180 seconds 
========================================================================
Received Import Request.
  Time since last request: 3.329372 seconds.
  path: Assets/Sprites/Dirts.png
  artifactKey: Guid(d7392c2001c14a34ebbde71318ec45cf) Importer(815301076,1909f56bfc062723c751e8b465ee728b)
Start importing Assets/Sprites/Dirts.png using Guid(d7392c2001c14a34ebbde71318ec45cf) Importer(815301076,1909f56bfc062723c751e8b465ee728b)  -> (artifact id: 'dea9f1501e371d5a6223af9246d1e3e2') in 0.244880 seconds 
========================================================================
Received Import Request.
  Time since last request: 138.494534 seconds.
  path: Assets/Input
  artifactKey: Guid(32e66ae926fcdae46a3c8ad7ecd84703) Importer(815301076,1909f56bfc062723c751e8b465ee728b)
Start importing Assets/Input using Guid(32e66ae926fcdae46a3c8ad7ecd84703) Importer(815301076,1909f56bfc062723c751e8b465ee728b)  -> (artifact id: '7d177440ea637420d25b2d22d69189a1') in 0.030783 seconds 
========================================================================
Received Import Request.
  Time since last request: 33.211536 seconds.
  path: Assets/Prefabs/Props/Bush.prefab
  artifactKey: Guid(ded0c974fe89b744da433f3fb1d77caa) Importer(815301076,1909f56bfc062723c751e8b465ee728b)
Start importing Assets/Prefabs/Props/Bush.prefab using Guid(ded0c974fe89b744da433f3fb1d77caa) Importer(815301076,1909f56bfc062723c751e8b465ee728b)  -> (artifact id: '17faafd09fde2adfdfc45e09d3606051') in 0.088971 seconds 
========================================================================
Received Import Request.
  Time since last request: 1.577956 seconds.
  path: Assets/Prefabs/Props/Bush 2.prefab
  artifactKey: Guid(efa89ab504f2a6d4884e75fe68a22356) Importer(815301076,1909f56bfc062723c751e8b465ee728b)
Start importing Assets/Prefabs/Props/Bush 2.prefab using Guid(efa89ab504f2a6d4884e75fe68a22356) Importer(815301076,1909f56bfc062723c751e8b465ee728b)  -> (artifact id: 'dc54dd391823896a88af36d34695bfb8') in 0.061821 seconds 
========================================================================
Received Import Request.
  Time since last request: 1.193809 seconds.
  path: Assets/Prefabs/Props/Bush 3.prefab
  artifactKey: Guid(a7186c2ac20553e42bdacb64a2901125) Importer(815301076,1909f56bfc062723c751e8b465ee728b)
Start importing Assets/Prefabs/Props/Bush 3.prefab using Guid(a7186c2ac20553e42bdacb64a2901125) Importer(815301076,1909f56bfc062723c751e8b465ee728b)  -> (artifact id: '989241d26b72e92eb5de2615935253bf') in 0.060797 seconds 
========================================================================
Received Import Request.
  Time since last request: 1.232864 seconds.
  path: Assets/Prefabs/Props/Bush 4.prefab
  artifactKey: Guid(9a983c3bf2a342d4baa393481473f4c1) Importer(815301076,1909f56bfc062723c751e8b465ee728b)
Start importing Assets/Prefabs/Props/Bush 4.prefab using Guid(9a983c3bf2a342d4baa393481473f4c1) Importer(815301076,1909f56bfc062723c751e8b465ee728b)  -> (artifact id: '6e90627a4f132d5f63388f7e3be72542') in 0.043411 seconds 
========================================================================
Received Prepare
Registering precompiled user dll's ...
Registered in 0.008706 seconds.
Begin MonoManager ReloadAssembly
Native extension for WindowsStandalone target not found
Native extension for WebGL target not found
Refreshing native plugins compatible for Editor in 0.95 ms, found 2 plugins.
Preloading 0 native plugins for Editor in 0.00 ms.
Mono: successfully reloaded assembly
- Completed reload, in  1.714 seconds
Platform modules already initialized, skipping
Refreshing native plugins compatible for Editor in 0.99 ms, found 2 plugins.
Preloading 0 native plugins for Editor in 0.00 ms.
Unloading 4235 Unused Serialized files (Serialized files now loaded: 0)
System memory in use before: 170.1 MB.
System memory in use after: 170.3 MB.

Unloading 14 unused Assets to reduce memory usage. Loaded Objects now: 5043.
Total: 4.379400 ms (FindLiveObjects: 0.567800 ms CreateObjectMapping: 0.384400 ms MarkObjects: 3.384900 ms  DeleteObjects: 0.040000 ms)

========================================================================
Received Import Request.
  Time since last request: 157.559713 seconds.
  path: Assets/Prefabs/Weapons/Shotgun.prefab
  artifactKey: Guid(167f6a9521b4e1c4ea9891075455a22d) Importer(815301076,1909f56bfc062723c751e8b465ee728b)
Start importing Assets/Prefabs/Weapons/Shotgun.prefab using Guid(167f6a9521b4e1c4ea9891075455a22d) Importer(815301076,1909f56bfc062723c751e8b465ee728b)  -> (artifact id: '8df62ded99aee3ff1f4741c7a61be4d2') in 0.081158 seconds 
========================================================================
Received Import Request.
  Time since last request: 0.000453 seconds.
  path: Assets/Prefabs/Weapons/bullet.prefab
  artifactKey: Guid(d4fb303461bc3584aaf80da81720fa12) Importer(815301076,1909f56bfc062723c751e8b465ee728b)
Start importing Assets/Prefabs/Weapons/bullet.prefab using Guid(d4fb303461bc3584aaf80da81720fa12) Importer(815301076,1909f56bfc062723c751e8b465ee728b)  -> (artifact id: '3cdf0048deabb7e93fd8db56f13be5d3') in 0.034822 seconds 
========================================================================
Received Import Request.
  Time since last request: 0.000425 seconds.
  path: Assets/Prefabs/Weapons/Pellet.prefab
  artifactKey: Guid(fe570316da8dc8b4cbbd37865d6f1f60) Importer(815301076,1909f56bfc062723c751e8b465ee728b)
Start importing Assets/Prefabs/Weapons/Pellet.prefab using Guid(fe570316da8dc8b4cbbd37865d6f1f60) Importer(815301076,1909f56bfc062723c751e8b465ee728b)  -> (artifact id: '61439c4c3770dbd7d795abd6f6a3e2fa') in 0.050593 seconds 
========================================================================
Received Import Request.
  Time since last request: 0.110938 seconds.
  path: Assets/Prefabs/Weapons/bullet.prefab
  artifactKey: Guid(d4fb303461bc3584aaf80da81720fa12) Importer(815301076,1909f56bfc062723c751e8b465ee728b)
Start importing Assets/Prefabs/Weapons/bullet.prefab using Guid(d4fb303461bc3584aaf80da81720fa12) Importer(815301076,1909f56bfc062723c751e8b465ee728b)  -> (artifact id: 'c2426f82c303e15548434950a0cc5d15') in 0.020923 seconds 
========================================================================
Received Import Request.
  Time since last request: 0.036416 seconds.
  path: Assets/Prefabs/Weapons/Pellet.prefab
  artifactKey: Guid(fe570316da8dc8b4cbbd37865d6f1f60) Importer(815301076,1909f56bfc062723c751e8b465ee728b)
Start importing Assets/Prefabs/Weapons/Pellet.prefab using Guid(fe570316da8dc8b4cbbd37865d6f1f60) Importer(815301076,1909f56bfc062723c751e8b465ee728b)  -> (artifact id: 'd559011ab26deb50ff4ef2f613b1bdb1') in 0.029755 seconds 
========================================================================
Received Import Request.
  Time since last request: 4.529184 seconds.
  path: Assets/Prefabs/Weapons/simple gun.prefab
  artifactKey: Guid(d5c7d8190b264294f9abf0c844ad881d) Importer(815301076,1909f56bfc062723c751e8b465ee728b)
Start importing Assets/Prefabs/Weapons/simple gun.prefab using Guid(d5c7d8190b264294f9abf0c844ad881d) Importer(815301076,1909f56bfc062723c751e8b465ee728b)  -> (artifact id: 'd35bd27f7866dde174a0ba7756547655') in 0.070968 seconds 
========================================================================
Received Import Request.
  Time since last request: 1.924695 seconds.
  path: Assets/Prefabs/Weapons/simple gun.prefab
  artifactKey: Guid(d5c7d8190b264294f9abf0c844ad881d) Importer(815301076,1909f56bfc062723c751e8b465ee728b)
Start importing Assets/Prefabs/Weapons/simple gun.prefab using Guid(d5c7d8190b264294f9abf0c844ad881d) Importer(815301076,1909f56bfc062723c751e8b465ee728b)  -> (artifact id: 'b1872bd5a27c9d53b8b1bbc54af24169') in 0.030126 seconds 
========================================================================
Received Prepare
Registering precompiled user dll's ...
Registered in 0.005659 seconds.
Begin MonoManager ReloadAssembly
Native extension for WindowsStandalone target not found
Native extension for WebGL target not found
Refreshing native plugins compatible for Editor in 2.85 ms, found 2 plugins.
Preloading 0 native plugins for Editor in 0.00 ms.
Mono: successfully reloaded assembly
- Completed reload, in  5.775 seconds
Platform modules already initialized, skipping
Refreshing native plugins compatible for Editor in 2.32 ms, found 2 plugins.
Preloading 0 native plugins for Editor in 0.00 ms.
Unloading 4234 Unused Serialized files (Serialized files now loaded: 0)
System memory in use before: 170.1 MB.
System memory in use after: 170.3 MB.

Unloading 16 unused Assets to reduce memory usage. Loaded Objects now: 5048.
Total: 4.117200 ms (FindLiveObjects: 0.426700 ms CreateObjectMapping: 0.378300 ms MarkObjects: 3.258100 ms  DeleteObjects: 0.052400 ms)

========================================================================
Received Prepare
Registering precompiled user dll's ...
Registered in 0.008250 seconds.
Begin MonoManager ReloadAssembly
Native extension for WindowsStandalone target not found
Native extension for WebGL target not found
Refreshing native plugins compatible for Editor in 0.92 ms, found 2 plugins.
Preloading 0 native plugins for Editor in 0.00 ms.
Mono: successfully reloaded assembly
- Completed reload, in  2.608 seconds
Platform modules already initialized, skipping
Refreshing native plugins compatible for Editor in 0.85 ms, found 2 plugins.
Preloading 0 native plugins for Editor in 0.00 ms.
Unloading 4234 Unused Serialized files (Serialized files now loaded: 0)
System memory in use before: 170.1 MB.
System memory in use after: 170.4 MB.

Unloading 14 unused Assets to reduce memory usage. Loaded Objects now: 5052.
Total: 6.195100 ms (FindLiveObjects: 0.808200 ms CreateObjectMapping: 0.392200 ms MarkObjects: 4.942000 ms  DeleteObjects: 0.050800 ms)

========================================================================
Received Import Request.
  Time since last request: 3756.193544 seconds.
  path: Assets/Prefabs/Weapons/Shotgun.prefab
  artifactKey: Guid(167f6a9521b4e1c4ea9891075455a22d) Importer(815301076,1909f56bfc062723c751e8b465ee728b)
Start importing Assets/Prefabs/Weapons/Shotgun.prefab using Guid(167f6a9521b4e1c4ea9891075455a22d) Importer(815301076,1909f56bfc062723c751e8b465ee728b)  -> (artifact id: '15457ffdf2a5c2b5d1503d1f06f9d07b') in 0.174329 seconds 
========================================================================
Received Import Request.
  Time since last request: 0.000468 seconds.
  path: Assets/Prefabs/Weapons/simple gun.prefab
  artifactKey: Guid(d5c7d8190b264294f9abf0c844ad881d) Importer(815301076,1909f56bfc062723c751e8b465ee728b)
Start importing Assets/Prefabs/Weapons/simple gun.prefab using Guid(d5c7d8190b264294f9abf0c844ad881d) Importer(815301076,1909f56bfc062723c751e8b465ee728b)  -> (artifact id: '90d57c65dcd14516a9c48781bdb32b84') in 0.033757 seconds 
========================================================================
Received Prepare
Registering precompiled user dll's ...
Registered in 0.007280 seconds.
Begin MonoManager ReloadAssembly
Native extension for WindowsStandalone target not found
Native extension for WebGL target not found
Refreshing native plugins compatible for Editor in 1.68 ms, found 2 plugins.
Preloading 0 native plugins for Editor in 0.00 ms.
Mono: successfully reloaded assembly
- Completed reload, in  2.794 seconds
Platform modules already initialized, skipping
Refreshing native plugins compatible for Editor in 0.91 ms, found 2 plugins.
Preloading 0 native plugins for Editor in 0.00 ms.
Unloading 4234 Unused Serialized files (Serialized files now loaded: 0)
System memory in use before: 170.1 MB.
System memory in use after: 170.4 MB.

Unloading 14 unused Assets to reduce memory usage. Loaded Objects now: 5057.
Total: 4.218200 ms (FindLiveObjects: 0.465600 ms CreateObjectMapping: 0.385600 ms MarkObjects: 3.333800 ms  DeleteObjects: 0.031200 ms)

========================================================================
Received Prepare
Registering precompiled user dll's ...
Registered in 0.013105 seconds.
Begin MonoManager ReloadAssembly
Native extension for WindowsStandalone target not found
Native extension for WebGL target not found
Refreshing native plugins compatible for Editor in 0.87 ms, found 2 plugins.
Preloading 0 native plugins for Editor in 0.00 ms.
Mono: successfully reloaded assembly
- Completed reload, in  4.212 seconds
Platform modules already initialized, skipping
Refreshing native plugins compatible for Editor in 1.29 ms, found 2 plugins.
Preloading 0 native plugins for Editor in 0.00 ms.
Unloading 4234 Unused Serialized files (Serialized files now loaded: 0)
System memory in use before: 170.1 MB.
System memory in use after: 170.4 MB.

Unloading 14 unused Assets to reduce memory usage. Loaded Objects now: 5061.
Total: 9.782000 ms (FindLiveObjects: 5.748600 ms CreateObjectMapping: 0.499200 ms MarkObjects: 3.460600 ms  DeleteObjects: 0.070500 ms)

========================================================================
Received Prepare
Registering precompiled user dll's ...
Registered in 0.004952 seconds.
Begin MonoManager ReloadAssembly
Native extension for WindowsStandalone target not found
Native extension for WebGL target not found
Refreshing native plugins compatible for Editor in 1.43 ms, found 2 plugins.
Preloading 0 native plugins for Editor in 0.00 ms.
Mono: successfully reloaded assembly
- Completed reload, in  1.939 seconds
Platform modules already initialized, skipping
Refreshing native plugins compatible for Editor in 3.45 ms, found 2 plugins.
Preloading 0 native plugins for Editor in 0.00 ms.
Unloading 4234 Unused Serialized files (Serialized files now loaded: 0)
System memory in use before: 170.1 MB.
System memory in use after: 170.4 MB.

Unloading 14 unused Assets to reduce memory usage. Loaded Objects now: 5065.
Total: 6.747300 ms (FindLiveObjects: 0.600200 ms CreateObjectMapping: 0.416600 ms MarkObjects: 5.644500 ms  DeleteObjects: 0.083400 ms)

========================================================================
Received Prepare
Registering precompiled user dll's ...
Registered in 0.006593 seconds.
Begin MonoManager ReloadAssembly
Native extension for WindowsStandalone target not found
Native extension for WebGL target not found
Refreshing native plugins compatible for Editor in 0.87 ms, found 2 plugins.
Preloading 0 native plugins for Editor in 0.00 ms.
Mono: successfully reloaded assembly
- Completed reload, in  1.924 seconds
Platform modules already initialized, skipping
Refreshing native plugins compatible for Editor in 0.87 ms, found 2 plugins.
Preloading 0 native plugins for Editor in 0.00 ms.
Unloading 4234 Unused Serialized files (Serialized files now loaded: 0)
System memory in use before: 170.2 MB.
System memory in use after: 170.4 MB.

Unloading 14 unused Assets to reduce memory usage. Loaded Objects now: 5069.
Total: 4.532500 ms (FindLiveObjects: 0.532900 ms CreateObjectMapping: 0.381200 ms MarkObjects: 3.568300 ms  DeleteObjects: 0.047700 ms)

========================================================================
Received Prepare
Registering precompiled user dll's ...
Registered in 0.024606 seconds.
Begin MonoManager ReloadAssembly
Native extension for WindowsStandalone target not found
Native extension for WebGL target not found
Refreshing native plugins compatible for Editor in 0.87 ms, found 2 plugins.
Preloading 0 native plugins for Editor in 0.00 ms.
Mono: successfully reloaded assembly
- Completed reload, in  1.576 seconds
Platform modules already initialized, skipping
Refreshing native plugins compatible for Editor in 0.96 ms, found 2 plugins.
Preloading 0 native plugins for Editor in 0.00 ms.
Unloading 4234 Unused Serialized files (Serialized files now loaded: 0)
System memory in use before: 170.2 MB.
System memory in use after: 170.4 MB.

Unloading 14 unused Assets to reduce memory usage. Loaded Objects now: 5073.
Total: 4.222300 ms (FindLiveObjects: 0.568900 ms CreateObjectMapping: 0.377200 ms MarkObjects: 3.248700 ms  DeleteObjects: 0.025900 ms)

========================================================================
Received Prepare
Registering precompiled user dll's ...
Registered in 0.004702 seconds.
Begin MonoManager ReloadAssembly
Native extension for WindowsStandalone target not found
Native extension for WebGL target not found
Refreshing native plugins compatible for Editor in 0.89 ms, found 2 plugins.
Preloading 0 native plugins for Editor in 0.00 ms.
Mono: successfully reloaded assembly
- Completed reload, in  6.909 seconds
Platform modules already initialized, skipping
Refreshing native plugins compatible for Editor in 0.84 ms, found 2 plugins.
Preloading 0 native plugins for Editor in 0.00 ms.
Unloading 4234 Unused Serialized files (Serialized files now loaded: 0)
System memory in use before: 170.2 MB.
System memory in use after: 170.4 MB.

Unloading 14 unused Assets to reduce memory usage. Loaded Objects now: 5077.
Total: 5.083800 ms (FindLiveObjects: 0.721300 ms CreateObjectMapping: 0.376500 ms MarkObjects: 3.950100 ms  DeleteObjects: 0.033400 ms)

========================================================================
Received Prepare
Registering precompiled user dll's ...
Registered in 0.009004 seconds.
Begin MonoManager ReloadAssembly
Native extension for WindowsStandalone target not found
Native extension for WebGL target not found
Refreshing native plugins compatible for Editor in 1.41 ms, found 2 plugins.
Preloading 0 native plugins for Editor in 0.00 ms.
Mono: successfully reloaded assembly
- Completed reload, in  3.646 seconds
Platform modules already initialized, skipping
Refreshing native plugins compatible for Editor in 1.38 ms, found 2 plugins.
Preloading 0 native plugins for Editor in 0.00 ms.
Unloading 4234 Unused Serialized files (Serialized files now loaded: 0)
System memory in use before: 170.2 MB.
System memory in use after: 170.4 MB.

Unloading 14 unused Assets to reduce memory usage. Loaded Objects now: 5081.
Total: 4.781700 ms (FindLiveObjects: 0.489600 ms CreateObjectMapping: 0.369500 ms MarkObjects: 3.884800 ms  DeleteObjects: 0.036100 ms)

========================================================================
Received Prepare
Registering precompiled user dll's ...
Registered in 0.007118 seconds.
Begin MonoManager ReloadAssembly
Native extension for WindowsStandalone target not found
Native extension for WebGL target not found
Refreshing native plugins compatible for Editor in 1.53 ms, found 2 plugins.
Preloading 0 native plugins for Editor in 0.00 ms.
Mono: successfully reloaded assembly
- Completed reload, in  1.818 seconds
Platform modules already initialized, skipping
Refreshing native plugins compatible for Editor in 1.37 ms, found 2 plugins.
Preloading 0 native plugins for Editor in 0.00 ms.
Unloading 4234 Unused Serialized files (Serialized files now loaded: 0)
System memory in use before: 170.2 MB.
System memory in use after: 170.5 MB.

Unloading 14 unused Assets to reduce memory usage. Loaded Objects now: 5085.
Total: 10.894200 ms (FindLiveObjects: 0.862900 ms CreateObjectMapping: 0.574900 ms MarkObjects: 9.421700 ms  DeleteObjects: 0.031800 ms)

========================================================================
Received Prepare
Registering precompiled user dll's ...
Registered in 0.004668 seconds.
Begin MonoManager ReloadAssembly
Native extension for WindowsStandalone target not found
Native extension for WebGL target not found
Refreshing native plugins compatible for Editor in 1.71 ms, found 2 plugins.
Preloading 0 native plugins for Editor in 0.00 ms.
Mono: successfully reloaded assembly
- Completed reload, in  2.471 seconds
Platform modules already initialized, skipping
Refreshing native plugins compatible for Editor in 1.41 ms, found 2 plugins.
Preloading 0 native plugins for Editor in 0.00 ms.
Unloading 4234 Unused Serialized files (Serialized files now loaded: 0)
System memory in use before: 170.2 MB.
System memory in use after: 170.5 MB.

Unloading 14 unused Assets to reduce memory usage. Loaded Objects now: 5089.
Total: 5.052600 ms (FindLiveObjects: 1.289400 ms CreateObjectMapping: 0.542800 ms MarkObjects: 3.187400 ms  DeleteObjects: 0.031300 ms)

========================================================================
Received Prepare
Registering precompiled user dll's ...
Registered in 0.005719 seconds.
Begin MonoManager ReloadAssembly
Native extension for WindowsStandalone target not found
Native extension for WebGL target not found
Refreshing native plugins compatible for Editor in 1.63 ms, found 2 plugins.
Preloading 0 native plugins for Editor in 0.00 ms.
Mono: successfully reloaded assembly
- Completed reload, in  2.781 seconds
Platform modules already initialized, skipping
Refreshing native plugins compatible for Editor in 0.84 ms, found 2 plugins.
Preloading 0 native plugins for Editor in 0.00 ms.
Unloading 4234 Unused Serialized files (Serialized files now loaded: 0)
System memory in use before: 170.2 MB.
System memory in use after: 170.5 MB.

Unloading 14 unused Assets to reduce memory usage. Loaded Objects now: 5093.
Total: 4.806300 ms (FindLiveObjects: 0.723200 ms CreateObjectMapping: 0.475900 ms MarkObjects: 3.576500 ms  DeleteObjects: 0.028400 ms)

========================================================================
Received Prepare
Registering precompiled user dll's ...
Registered in 0.006542 seconds.
Begin MonoManager ReloadAssembly
Native extension for WindowsStandalone target not found
Native extension for WebGL target not found
Refreshing native plugins compatible for Editor in 1.44 ms, found 2 plugins.
Preloading 0 native plugins for Editor in 0.00 ms.
Mono: successfully reloaded assembly
- Completed reload, in  2.857 seconds
Platform modules already initialized, skipping
Refreshing native plugins compatible for Editor in 0.92 ms, found 2 plugins.
Preloading 0 native plugins for Editor in 0.00 ms.
Unloading 4234 Unused Serialized files (Serialized files now loaded: 0)
System memory in use before: 170.3 MB.
System memory in use after: 170.6 MB.

Unloading 14 unused Assets to reduce memory usage. Loaded Objects now: 5097.
Total: 4.866900 ms (FindLiveObjects: 0.867700 ms CreateObjectMapping: 0.527100 ms MarkObjects: 3.428100 ms  DeleteObjects: 0.041000 ms)

========================================================================
Received Prepare
Registering precompiled user dll's ...
Registered in 0.004888 seconds.
Begin MonoManager ReloadAssembly
Native extension for WindowsStandalone target not found
Native extension for WebGL target not found
Refreshing native plugins compatible for Editor in 1.59 ms, found 2 plugins.
Preloading 0 native plugins for Editor in 0.00 ms.
Mono: successfully reloaded assembly
- Completed reload, in  1.623 seconds
Platform modules already initialized, skipping
Refreshing native plugins compatible for Editor in 0.98 ms, found 2 plugins.
Preloading 0 native plugins for Editor in 0.00 ms.
Unloading 4234 Unused Serialized files (Serialized files now loaded: 0)
System memory in use before: 170.3 MB.
System memory in use after: 170.6 MB.

Unloading 14 unused Assets to reduce memory usage. Loaded Objects now: 5101.
Total: 5.373100 ms (FindLiveObjects: 0.782700 ms CreateObjectMapping: 0.452300 ms MarkObjects: 4.069400 ms  DeleteObjects: 0.066600 ms)

========================================================================
Received Prepare
Registering precompiled user dll's ...
Registered in 0.006647 seconds.
Begin MonoManager ReloadAssembly
Native extension for WindowsStandalone target not found
Native extension for WebGL target not found
Refreshing native plugins compatible for Editor in 0.96 ms, found 2 plugins.
Preloading 0 native plugins for Editor in 0.00 ms.
Mono: successfully reloaded assembly
- Completed reload, in  1.680 seconds
Platform modules already initialized, skipping
Refreshing native plugins compatible for Editor in 0.93 ms, found 2 plugins.
Preloading 0 native plugins for Editor in 0.00 ms.
Unloading 4234 Unused Serialized files (Serialized files now loaded: 0)
System memory in use before: 170.3 MB.
System memory in use after: 170.6 MB.

Unloading 14 unused Assets to reduce memory usage. Loaded Objects now: 5105.
Total: 5.362200 ms (FindLiveObjects: 0.556800 ms CreateObjectMapping: 0.468100 ms MarkObjects: 4.308500 ms  DeleteObjects: 0.026800 ms)

========================================================================
Received Prepare
Registering precompiled user dll's ...
Registered in 0.005322 seconds.
Begin MonoManager ReloadAssembly
Native extension for WindowsStandalone target not found
Native extension for WebGL target not found
Refreshing native plugins compatible for Editor in 1.46 ms, found 2 plugins.
Preloading 0 native plugins for Editor in 0.00 ms.
Mono: successfully reloaded assembly
- Completed reload, in  1.629 seconds
Platform modules already initialized, skipping
Refreshing native plugins compatible for Editor in 0.89 ms, found 2 plugins.
Preloading 0 native plugins for Editor in 0.00 ms.
Unloading 4234 Unused Serialized files (Serialized files now loaded: 0)
System memory in use before: 170.4 MB.
System memory in use after: 170.6 MB.

Unloading 14 unused Assets to reduce memory usage. Loaded Objects now: 5109.
Total: 3.989000 ms (FindLiveObjects: 0.473000 ms CreateObjectMapping: 0.298400 ms MarkObjects: 3.182200 ms  DeleteObjects: 0.033700 ms)

========================================================================
Received Prepare
Registering precompiled user dll's ...
Registered in 0.005110 seconds.
Begin MonoManager ReloadAssembly
Native extension for WindowsStandalone target not found
Native extension for WebGL target not found
Refreshing native plugins compatible for Editor in 0.89 ms, found 2 plugins.
Preloading 0 native plugins for Editor in 0.00 ms.
Mono: successfully reloaded assembly
- Completed reload, in  1.822 seconds
Platform modules already initialized, skipping
Refreshing native plugins compatible for Editor in 0.86 ms, found 2 plugins.
Preloading 0 native plugins for Editor in 0.00 ms.
Unloading 4234 Unused Serialized files (Serialized files now loaded: 0)
System memory in use before: 170.4 MB.
System memory in use after: 170.6 MB.

Unloading 14 unused Assets to reduce memory usage. Loaded Objects now: 5113.
Total: 4.983000 ms (FindLiveObjects: 0.523600 ms CreateObjectMapping: 0.417100 ms MarkObjects: 4.004300 ms  DeleteObjects: 0.036300 ms)

========================================================================
Received Prepare
Registering precompiled user dll's ...
Registered in 0.007016 seconds.
Begin MonoManager ReloadAssembly
Native extension for WindowsStandalone target not found
Native extension for WebGL target not found
Refreshing native plugins compatible for Editor in 1.40 ms, found 2 plugins.
Preloading 0 native plugins for Editor in 0.00 ms.
Mono: successfully reloaded assembly
- Completed reload, in  1.720 seconds
Platform modules already initialized, skipping
Refreshing native plugins compatible for Editor in 0.86 ms, found 2 plugins.
Preloading 0 native plugins for Editor in 0.00 ms.
Unloading 4234 Unused Serialized files (Serialized files now loaded: 0)
System memory in use before: 170.4 MB.
System memory in use after: 170.6 MB.

Unloading 14 unused Assets to reduce memory usage. Loaded Objects now: 5117.
Total: 4.441100 ms (FindLiveObjects: 0.356100 ms CreateObjectMapping: 0.310300 ms MarkObjects: 3.734400 ms  DeleteObjects: 0.038100 ms)

========================================================================
Received Prepare
Registering precompiled user dll's ...
Registered in 0.004699 seconds.
Begin MonoManager ReloadAssembly
Native extension for WindowsStandalone target not found
Native extension for WebGL target not found
Refreshing native plugins compatible for Editor in 0.89 ms, found 2 plugins.
Preloading 0 native plugins for Editor in 0.00 ms.
Mono: successfully reloaded assembly
- Completed reload, in  1.471 seconds
Platform modules already initialized, skipping
Refreshing native plugins compatible for Editor in 0.88 ms, found 2 plugins.
Preloading 0 native plugins for Editor in 0.00 ms.
Unloading 4234 Unused Serialized files (Serialized files now loaded: 0)
System memory in use before: 170.4 MB.
System memory in use after: 170.7 MB.

Unloading 14 unused Assets to reduce memory usage. Loaded Objects now: 5121.
Total: 4.205000 ms (FindLiveObjects: 0.361000 ms CreateObjectMapping: 0.351900 ms MarkObjects: 3.458700 ms  DeleteObjects: 0.031400 ms)

========================================================================
Received Prepare
Registering precompiled user dll's ...
Registered in 0.004754 seconds.
Begin MonoManager ReloadAssembly
Native extension for WindowsStandalone target not found
Native extension for WebGL target not found
Refreshing native plugins compatible for Editor in 1.18 ms, found 2 plugins.
Preloading 0 native plugins for Editor in 0.00 ms.
Mono: successfully reloaded assembly
- Completed reload, in  1.764 seconds
Platform modules already initialized, skipping
Refreshing native plugins compatible for Editor in 0.87 ms, found 2 plugins.
Preloading 0 native plugins for Editor in 0.00 ms.
Unloading 4234 Unused Serialized files (Serialized files now loaded: 0)
System memory in use before: 170.4 MB.
System memory in use after: 170.7 MB.

Unloading 14 unused Assets to reduce memory usage. Loaded Objects now: 5125.
Total: 4.169300 ms (FindLiveObjects: 0.403800 ms CreateObjectMapping: 0.283800 ms MarkObjects: 3.448500 ms  DeleteObjects: 0.031100 ms)

========================================================================
Received Prepare
Registering precompiled user dll's ...
Registered in 0.004655 seconds.
Begin MonoManager ReloadAssembly
Native extension for WindowsStandalone target not found
Native extension for WebGL target not found
Refreshing native plugins compatible for Editor in 0.93 ms, found 2 plugins.
Preloading 0 native plugins for Editor in 0.00 ms.
Mono: successfully reloaded assembly
- Completed reload, in  1.824 seconds
Platform modules already initialized, skipping
Refreshing native plugins compatible for Editor in 0.88 ms, found 2 plugins.
Preloading 0 native plugins for Editor in 0.00 ms.
Unloading 4234 Unused Serialized files (Serialized files now loaded: 0)
System memory in use before: 170.4 MB.
System memory in use after: 170.7 MB.

Unloading 14 unused Assets to reduce memory usage. Loaded Objects now: 5129.
Total: 4.510000 ms (FindLiveObjects: 0.593000 ms CreateObjectMapping: 0.345700 ms MarkObjects: 3.535000 ms  DeleteObjects: 0.034100 ms)

========================================================================
Received Prepare
Registering precompiled user dll's ...
Registered in 0.007779 seconds.
Begin MonoManager ReloadAssembly
Native extension for WindowsStandalone target not found
Native extension for WebGL target not found
Refreshing native plugins compatible for Editor in 1.00 ms, found 2 plugins.
Preloading 0 native plugins for Editor in 0.00 ms.
Mono: successfully reloaded assembly
- Completed reload, in  1.985 seconds
Platform modules already initialized, skipping
Refreshing native plugins compatible for Editor in 0.99 ms, found 2 plugins.
Preloading 0 native plugins for Editor in 0.00 ms.
Unloading 4234 Unused Serialized files (Serialized files now loaded: 0)
System memory in use before: 170.4 MB.
System memory in use after: 170.7 MB.

Unloading 14 unused Assets to reduce memory usage. Loaded Objects now: 5133.
Total: 7.218300 ms (FindLiveObjects: 1.034800 ms CreateObjectMapping: 0.585200 ms MarkObjects: 5.535600 ms  DeleteObjects: 0.059400 ms)

========================================================================
Received Prepare
Registering precompiled user dll's ...
Registered in 0.004694 seconds.
Begin MonoManager ReloadAssembly
Native extension for WindowsStandalone target not found
Native extension for WebGL target not found
Refreshing native plugins compatible for Editor in 1.56 ms, found 2 plugins.
Preloading 0 native plugins for Editor in 0.00 ms.
Mono: successfully reloaded assembly
- Completed reload, in  1.746 seconds
Platform modules already initialized, skipping
Refreshing native plugins compatible for Editor in 1.05 ms, found 2 plugins.
Preloading 0 native plugins for Editor in 0.00 ms.
Unloading 4234 Unused Serialized files (Serialized files now loaded: 0)
System memory in use before: 170.4 MB.
System memory in use after: 170.7 MB.

Unloading 14 unused Assets to reduce memory usage. Loaded Objects now: 5137.
Total: 5.035600 ms (FindLiveObjects: 0.743000 ms CreateObjectMapping: 0.448900 ms MarkObjects: 3.803300 ms  DeleteObjects: 0.038100 ms)

========================================================================
Received Prepare
Registering precompiled user dll's ...
Registered in 0.006212 seconds.
Begin MonoManager ReloadAssembly
Native extension for WindowsStandalone target not found
Native extension for WebGL target not found
Refreshing native plugins compatible for Editor in 0.91 ms, found 2 plugins.
Preloading 0 native plugins for Editor in 0.00 ms.
Mono: successfully reloaded assembly
- Completed reload, in  2.055 seconds
Platform modules already initialized, skipping
Refreshing native plugins compatible for Editor in 0.87 ms, found 2 plugins.
Preloading 0 native plugins for Editor in 0.00 ms.
Unloading 4234 Unused Serialized files (Serialized files now loaded: 0)
System memory in use before: 170.5 MB.
System memory in use after: 170.7 MB.

Unloading 14 unused Assets to reduce memory usage. Loaded Objects now: 5141.
Total: 4.398500 ms (FindLiveObjects: 0.629700 ms CreateObjectMapping: 0.412900 ms MarkObjects: 3.324200 ms  DeleteObjects: 0.029000 ms)

========================================================================
Received Prepare
Registering precompiled user dll's ...
Registered in 0.006125 seconds.
Begin MonoManager ReloadAssembly
Native extension for WindowsStandalone target not found
Native extension for WebGL target not found
Refreshing native plugins compatible for Editor in 1.80 ms, found 2 plugins.
Preloading 0 native plugins for Editor in 0.00 ms.
Mono: successfully reloaded assembly
- Completed reload, in  1.815 seconds
Platform modules already initialized, skipping
Refreshing native plugins compatible for Editor in 1.20 ms, found 2 plugins.
Preloading 0 native plugins for Editor in 0.00 ms.
Unloading 4234 Unused Serialized files (Serialized files now loaded: 0)
System memory in use before: 170.5 MB.
System memory in use after: 170.7 MB.

Unloading 14 unused Assets to reduce memory usage. Loaded Objects now: 5145.
Total: 5.565900 ms (FindLiveObjects: 0.745600 ms CreateObjectMapping: 0.412600 ms MarkObjects: 4.366700 ms  DeleteObjects: 0.038700 ms)

========================================================================
Received Prepare
Registering precompiled user dll's ...
Registered in 0.005898 seconds.
Begin MonoManager ReloadAssembly
Native extension for WindowsStandalone target not found
Native extension for WebGL target not found
Refreshing native plugins compatible for Editor in 0.97 ms, found 2 plugins.
Preloading 0 native plugins for Editor in 0.00 ms.
Mono: successfully reloaded assembly
- Completed reload, in  2.118 seconds
Platform modules already initialized, skipping
Refreshing native plugins compatible for Editor in 0.96 ms, found 2 plugins.
Preloading 0 native plugins for Editor in 0.00 ms.
Unloading 4234 Unused Serialized files (Serialized files now loaded: 0)
System memory in use before: 170.5 MB.
System memory in use after: 170.7 MB.

Unloading 14 unused Assets to reduce memory usage. Loaded Objects now: 5149.
Total: 4.497500 ms (FindLiveObjects: 0.572600 ms CreateObjectMapping: 0.422900 ms MarkObjects: 3.465500 ms  DeleteObjects: 0.033700 ms)

========================================================================
Received Import Request.
  Time since last request: 3179.319881 seconds.
  path: Assets/Prefabs/Weapons/bullet.prefab
  artifactKey: Guid(d4fb303461bc3584aaf80da81720fa12) Importer(815301076,1909f56bfc062723c751e8b465ee728b)
Start importing Assets/Prefabs/Weapons/bullet.prefab using Guid(d4fb303461bc3584aaf80da81720fa12) Importer(815301076,1909f56bfc062723c751e8b465ee728b)  -> (artifact id: '18423267633bfc0b304b10e6f62fa15f') in 0.099427 seconds 
========================================================================
Received Import Request.
  Time since last request: 0.000564 seconds.
  path: Assets/Prefabs/Weapons/Shotgun.prefab
  artifactKey: Guid(167f6a9521b4e1c4ea9891075455a22d) Importer(815301076,1909f56bfc062723c751e8b465ee728b)
Start importing Assets/Prefabs/Weapons/Shotgun.prefab using Guid(167f6a9521b4e1c4ea9891075455a22d) Importer(815301076,1909f56bfc062723c751e8b465ee728b)  -> (artifact id: 'ef92afbb76f9cc198e01635f598bac2b') in 0.076849 seconds 
========================================================================
Received Import Request.
  Time since last request: 0.000325 seconds.
  path: Assets/Prefabs/Weapons/simple gun.prefab
  artifactKey: Guid(d5c7d8190b264294f9abf0c844ad881d) Importer(815301076,1909f56bfc062723c751e8b465ee728b)
Start importing Assets/Prefabs/Weapons/simple gun.prefab using Guid(d5c7d8190b264294f9abf0c844ad881d) Importer(815301076,1909f56bfc062723c751e8b465ee728b)  -> (artifact id: '1d95aaf226f1bc37e9fec24078e68655') in 0.071531 seconds 
========================================================================
Received Prepare
Registering precompiled user dll's ...
Registered in 0.004829 seconds.
Begin MonoManager ReloadAssembly
Native extension for WindowsStandalone target not found
Native extension for WebGL target not found
Refreshing native plugins compatible for Editor in 0.85 ms, found 2 plugins.
Preloading 0 native plugins for Editor in 0.00 ms.
Mono: successfully reloaded assembly
- Completed reload, in  1.445 seconds
Platform modules already initialized, skipping
Refreshing native plugins compatible for Editor in 0.90 ms, found 2 plugins.
Preloading 0 native plugins for Editor in 0.00 ms.
Unloading 4234 Unused Serialized files (Serialized files now loaded: 0)
System memory in use before: 170.5 MB.
System memory in use after: 170.8 MB.

Unloading 14 unused Assets to reduce memory usage. Loaded Objects now: 5154.
Total: 4.646800 ms (FindLiveObjects: 0.668900 ms CreateObjectMapping: 0.538600 ms MarkObjects: 3.405200 ms  DeleteObjects: 0.032500 ms)

========================================================================
Received Import Request.
  Time since last request: 9.853432 seconds.
  path: Assets/Prefabs/Weapons/Pellet.prefab
  artifactKey: Guid(fe570316da8dc8b4cbbd37865d6f1f60) Importer(815301076,1909f56bfc062723c751e8b465ee728b)
Start importing Assets/Prefabs/Weapons/Pellet.prefab using Guid(fe570316da8dc8b4cbbd37865d6f1f60) Importer(815301076,1909f56bfc062723c751e8b465ee728b)  -> (artifact id: 'af8b07150fae3a20f8d74fd9f5b95f76') in 0.108857 seconds 
========================================================================
Received Prepare
Registering precompiled user dll's ...
Registered in 0.006841 seconds.
Begin MonoManager ReloadAssembly
Native extension for WindowsStandalone target not found
Native extension for WebGL target not found
Refreshing native plugins compatible for Editor in 0.85 ms, found 2 plugins.
Preloading 0 native plugins for Editor in 0.00 ms.
Mono: successfully reloaded assembly
- Completed reload, in  1.850 seconds
Platform modules already initialized, skipping
Refreshing native plugins compatible for Editor in 1.05 ms, found 2 plugins.
Preloading 0 native plugins for Editor in 0.00 ms.
Unloading 4234 Unused Serialized files (Serialized files now loaded: 0)
System memory in use before: 170.5 MB.
System memory in use after: 170.8 MB.

Unloading 16 unused Assets to reduce memory usage. Loaded Objects now: 5159.
Total: 4.445400 ms (FindLiveObjects: 0.586900 ms CreateObjectMapping: 0.354500 ms MarkObjects: 3.417500 ms  DeleteObjects: 0.084300 ms)

========================================================================
Received Prepare
Registering precompiled user dll's ...
Registered in 0.004587 seconds.
Begin MonoManager ReloadAssembly
Native extension for WindowsStandalone target not found
Native extension for WebGL target not found
Refreshing native plugins compatible for Editor in 1.40 ms, found 2 plugins.
Preloading 0 native plugins for Editor in 0.00 ms.
Mono: successfully reloaded assembly
- Completed reload, in  1.849 seconds
Platform modules already initialized, skipping
Refreshing native plugins compatible for Editor in 1.33 ms, found 2 plugins.
Preloading 0 native plugins for Editor in 0.00 ms.
Unloading 4234 Unused Serialized files (Serialized files now loaded: 0)
System memory in use before: 170.5 MB.
System memory in use after: 170.8 MB.

Unloading 14 unused Assets to reduce memory usage. Loaded Objects now: 5163.
Total: 4.103700 ms (FindLiveObjects: 0.586600 ms CreateObjectMapping: 0.351800 ms MarkObjects: 3.138000 ms  DeleteObjects: 0.025800 ms)

========================================================================
Received Prepare
Registering precompiled user dll's ...
Registered in 0.010127 seconds.
Begin MonoManager ReloadAssembly
Native extension for WindowsStandalone target not found
Native extension for WebGL target not found
Refreshing native plugins compatible for Editor in 0.87 ms, found 2 plugins.
Preloading 0 native plugins for Editor in 0.00 ms.
Mono: successfully reloaded assembly
- Completed reload, in  1.854 seconds
Platform modules already initialized, skipping
Refreshing native plugins compatible for Editor in 1.31 ms, found 2 plugins.
Preloading 0 native plugins for Editor in 0.00 ms.
Unloading 4234 Unused Serialized files (Serialized files now loaded: 0)
System memory in use before: 170.5 MB.
System memory in use after: 170.8 MB.

Unloading 14 unused Assets to reduce memory usage. Loaded Objects now: 5167.
Total: 6.338100 ms (FindLiveObjects: 0.769100 ms CreateObjectMapping: 0.512500 ms MarkObjects: 5.017200 ms  DeleteObjects: 0.036800 ms)

